<?xml version="1.0" encoding="UTF-8"?>
<testng-results ignored="0" total="2" passed="2" failed="0" skipped="0">
  <reporter-output>
  </reporter-output>
  <suite started-at="2026-04-07T15:28:23 IST" name="namelogin1" finished-at="2026-04-07T15:28:36 IST" duration-ms="12127">
    <groups>
    </groups>
    <test started-at="2026-04-07T15:28:23 IST" name="logintest2" finished-at="2026-04-07T15:28:34 IST" duration-ms="11024">
      <class name="SeleniumPrograms.SeleniumPrograms2">
        <test-method is-config="true" signature="setup()[pri:0, instance:SeleniumPrograms.SeleniumPrograms2@707194ba]" started-at="2026-04-07T15:28:23 IST" name="setup" finished-at="2026-04-07T15:28:27 IST" duration-ms="3987" status="PASS">
          <reporter-output>
          </reporter-output>
        </test-method> <!-- setup -->
        <test-method signature="Open()[pri:0, instance:SeleniumPrograms.SeleniumPrograms2@707194ba]" started-at="2026-04-07T15:28:27 IST" name="Open" finished-at="2026-04-07T15:28:34 IST" duration-ms="6950" status="PASS">
          <reporter-output>
          </reporter-output>
        </test-method> <!-- Open -->
      </class> <!-- SeleniumPrograms.SeleniumPrograms2 -->
    </test> <!-- logintest2 -->
    <test started-at="2026-04-07T15:28:23 IST" name="logintest1" finished-at="2026-04-07T15:28:36 IST" duration-ms="12127">
      <class name="SeleniumPrograms.SeleniumPrograms1">
        <test-method is-config="true" signature="setup()[pri:0, instance:SeleniumPrograms.SeleniumPrograms1@7e6f74c]" started-at="2026-04-07T15:28:23 IST" name="setup" finished-at="2026-04-07T15:28:27 IST" duration-ms="3987" status="PASS">
          <reporter-output>
          </reporter-output>
        </test-method> <!-- setup -->
        <test-method signature="Open()[pri:0, instance:SeleniumPrograms.SeleniumPrograms1@7e6f74c]" started-at="2026-04-07T15:28:27 IST" name="Open" finished-at="2026-04-07T15:28:36 IST" duration-ms="8092" status="PASS">
          <reporter-output>
          </reporter-output>
        </test-method> <!-- Open -->
      </class> <!-- SeleniumPrograms.SeleniumPrograms1 -->
    </test> <!-- logintest1 -->
  </suite> <!-- namelogin1 -->
</testng-results>
